<?xml version="1.0" encoding="UTF-8"?>
<!-- Generated by org.testng.reporters.JUnitXMLReporter -->
<testsuite hostname="PG014UCR" ignored="0" name="Test" tests="1" failures="1" timestamp="15 Dec 2018 03:47:55 GMT" time="33.887" errors="0">
  <testcase name="feature" time="32.738" classname="cucumber.api.testng.AbstractTestNGCucumberTests">
    <failure type="cucumber.runtime.CucumberException" message="java.lang.AssertionError: expected [New Hatchback Cars in India Between Rs 1 Lakh to Rs 5 Lakh123 | CarDekho.com] but found [New Cars in India | CarDekho.com]">
      <![CDATA[cucumber.runtime.CucumberException: java.lang.AssertionError: expected [New Hatchback Cars in India Between Rs 1 Lakh to Rs 5 Lakh123 | CarDekho.com] but found [New Cars in India | CarDekho.com]
at cucumber.api.testng.TestNGCucumberRunner.runCucumber(TestNGCucumberRunner.java:69)
at cucumber.api.testng.AbstractTestNGCucumberTests.feature(AbstractTestNGCucumberTests.java:21)
Caused by: java.lang.AssertionError: expected [New Hatchback Cars in India Between Rs 1 Lakh to Rs 5 Lakh123 | CarDekho.com] but found [New Cars in India | CarDekho.com]
at steps1.CarDekho_NewCarSearch.user_verify_the_title_is(CarDekho_NewCarSearch.java:108)
at âœ½.Then user verify the title is "New Hatchback Cars in India Between Rs 1 Lakh to Rs 5 Lakh123 | CarDekho.com"(carsearch.feature:40)
... Removed 31 stack frames]]>
    </failure>
  </testcase> <!-- feature -->
</testsuite> <!-- Test -->
