-------------------------------------------------------------------------------
Test set: TestSuite
-------------------------------------------------------------------------------
Tests run: 1, Failures: 1, Errors: 0, Skipped: 0, Time elapsed: 27.04 sec <<< FAILURE! - in TestSuite
feature(runner.Runner_NewCarSearch_TestNG)  Time elapsed: 25.86 sec  <<< FAILURE!
cucumber.runtime.CucumberException: java.lang.AssertionError: expected [New Hatchback Cars in India Between Rs 1 Lakh to Rs 5 Lakh123 | CarDekho.com] but found [New Cars in India | CarDekho.com]
Caused by: java.lang.AssertionError: expected [New Hatchback Cars in India Between Rs 1 Lakh to Rs 5 Lakh123 | CarDekho.com] but found [New Cars in India | CarDekho.com]

