<?xml version="1.0" encoding="UTF-8"?>
<testng-results skipped="0" failed="1" total="1" passed="0">
  <reporter-output>
  </reporter-output>
  <suite name="Suite" duration-ms="26426" started-at="2018-12-14T15:01:24Z" finished-at="2018-12-14T15:01:50Z">
    <groups>
      <group name="cucumber">
        <method signature="AbstractTestNGCucumberTests.feature(cucumber.api.testng.CucumberFeatureWrapper)[pri:0, instance:runner.Runner_NewCarSearch_TestNG@3cbbc1e0]" name="feature" class="cucumber.api.testng.AbstractTestNGCucumberTests"/>
      </group> <!-- cucumber -->
    </groups>
    <test name="Test" duration-ms="26426" started-at="2018-12-14T15:01:24Z" finished-at="2018-12-14T15:01:50Z">
      <class name="runner.Runner_NewCarSearch_TestNG">
        <test-method status="PASS" signature="setUpClass()[pri:0, instance:runner.Runner_NewCarSearch_TestNG@3cbbc1e0]" name="setUpClass" is-config="true" duration-ms="278" started-at="2018-12-14T20:31:24Z" finished-at="2018-12-14T20:31:24Z">
          <reporter-output>
          </reporter-output>
        </test-method> <!-- setUpClass -->
        <test-method status="PASS" signature="setup()[pri:0, instance:runner.Runner_NewCarSearch_TestNG@3cbbc1e0]" name="setup" is-config="true" duration-ms="139" started-at="2018-12-14T20:31:24Z" finished-at="2018-12-14T20:31:24Z">
          <reporter-output>
          </reporter-output>
        </test-method> <!-- setup -->
        <test-method status="FAIL" signature="feature(cucumber.api.testng.CucumberFeatureWrapper)[pri:0, instance:runner.Runner_NewCarSearch_TestNG@3cbbc1e0]" name="feature" duration-ms="25860" started-at="2018-12-14T20:31:25Z" description="Runs Cucumber Feature" data-provider="features" finished-at="2018-12-14T20:31:50Z">
          <params>
            <param index="0">
              <value>
                <![CDATA[Validation of Car search page]]>
              </value>
            </param>
          </params>
          <exception class="cucumber.runtime.CucumberException">
            <message>
              <![CDATA[java.lang.AssertionError: expected [New Hatchback Cars in India Between Rs 1 Lakh to Rs 5 Lakh123 | CarDekho.com] but found [New Cars in India | CarDekho.com]]]>
            </message>
            <full-stacktrace>
              <![CDATA[cucumber.runtime.CucumberException: java.lang.AssertionError: expected [New Hatchback Cars in India Between Rs 1 Lakh to Rs 5 Lakh123 | CarDekho.com] but found [New Cars in India | CarDekho.com]
	at cucumber.api.testng.TestNGCucumberRunner.runCucumber(TestNGCucumberRunner.java:69)
	at cucumber.api.testng.AbstractTestNGCucumberTests.feature(AbstractTestNGCucumberTests.java:21)
	at sun.reflect.NativeMethodAccessorImpl.invoke0(Native Method)
	at sun.reflect.NativeMethodAccessorImpl.invoke(NativeMethodAccessorImpl.java:62)
	at sun.reflect.DelegatingMethodAccessorImpl.invoke(DelegatingMethodAccessorImpl.java:43)
	at java.lang.reflect.Method.invoke(Method.java:498)
	at org.testng.internal.MethodInvocationHelper.invokeMethod(MethodInvocationHelper.java:80)
	at org.testng.internal.Invoker.invokeMethod(Invoker.java:714)
	at org.testng.internal.Invoker.invokeTestMethod(Invoker.java:901)
	at org.testng.internal.Invoker.invokeTestMethods(Invoker.java:1231)
	at org.testng.internal.TestMethodWorker.invokeTestMethods(TestMethodWorker.java:127)
	at org.testng.internal.TestMethodWorker.run(TestMethodWorker.java:111)
	at org.testng.TestRunner.privateRun(TestRunner.java:767)
	at org.testng.TestRunner.run(TestRunner.java:617)
	at org.testng.SuiteRunner.runTest(SuiteRunner.java:334)
	at org.testng.SuiteRunner.runSequentially(SuiteRunner.java:329)
	at org.testng.SuiteRunner.privateRun(SuiteRunner.java:291)
	at org.testng.SuiteRunner.run(SuiteRunner.java:240)
	at org.testng.SuiteRunnerWorker.runSuite(SuiteRunnerWorker.java:52)
	at org.testng.SuiteRunnerWorker.run(SuiteRunnerWorker.java:86)
	at org.testng.TestNG.runSuitesSequentially(TestNG.java:1198)
	at org.testng.TestNG.runSuitesLocally(TestNG.java:1123)
	at org.testng.TestNG.run(TestNG.java:1031)
	at org.apache.maven.surefire.testng.TestNGExecutor.run(TestNGExecutor.java:281)
	at org.apache.maven.surefire.testng.TestNGXmlTestSuite.execute(TestNGXmlTestSuite.java:75)
	at org.apache.maven.surefire.testng.TestNGProvider.invoke(TestNGProvider.java:121)
	at org.apache.maven.surefire.booter.ForkedBooter.invokeProviderInSameClassLoader(ForkedBooter.java:290)
	at org.apache.maven.surefire.booter.ForkedBooter.runSuitesInProcess(ForkedBooter.java:242)
	at org.apache.maven.surefire.booter.ForkedBooter.main(ForkedBooter.java:121)
Caused by: java.lang.AssertionError: expected [New Hatchback Cars in India Between Rs 1 Lakh to Rs 5 Lakh123 | CarDekho.com] but found [New Cars in India | CarDekho.com]
	at org.testng.Assert.fail(Assert.java:94)
	at org.testng.Assert.failNotEquals(Assert.java:494)
	at org.testng.Assert.assertEquals(Assert.java:123)
	at org.testng.Assert.assertEquals(Assert.java:176)
	at org.testng.Assert.assertEquals(Assert.java:186)
	at steps1.CarDekho_NewCarSearch.user_verify_the_title_is(CarDekho_NewCarSearch.java:108)
	at âœ½.Then user verify the title is "New Hatchback Cars in India Between Rs 1 Lakh to Rs 5 Lakh123 | CarDekho.com"(carsearch.feature:40)
]]>
            </full-stacktrace>
          </exception> <!-- cucumber.runtime.CucumberException -->
          <reporter-output>
          </reporter-output>
        </test-method> <!-- feature -->
        <test-method status="PASS" signature="tearDownClass()[pri:0, instance:runner.Runner_NewCarSearch_TestNG@3cbbc1e0]" name="tearDownClass" is-config="true" duration-ms="85" started-at="2018-12-14T20:31:50Z" finished-at="2018-12-14T20:31:50Z">
          <reporter-output>
          </reporter-output>
        </test-method> <!-- tearDownClass -->
      </class> <!-- runner.Runner_NewCarSearch_TestNG -->
    </test> <!-- Test -->
  </suite> <!-- Suite -->
</testng-results>
