<?xml version="1.0" encoding="UTF-8"?>
<testng-results skipped="0" failed="1" ignored="0" total="1" passed="0">
  <reporter-output>
  </reporter-output>
  <suite name="Suite" duration-ms="33887" started-at="2018-12-15T03:47:21Z" finished-at="2018-12-15T03:47:55Z">
    <groups>
      <group name="cucumber">
        <method signature="AbstractTestNGCucumberTests.feature(cucumber.api.testng.CucumberFeatureWrapper)[pri:0, instance:runner.Runner_NewCarSearch_TestNG@55d56113]" name="feature" class="cucumber.api.testng.AbstractTestNGCucumberTests"/>
      </group> <!-- cucumber -->
    </groups>
    <test name="Test" duration-ms="33887" started-at="2018-12-15T03:47:21Z" finished-at="2018-12-15T03:47:55Z">
      <class name="runner.Runner_NewCarSearch_TestNG">
        <test-method status="PASS" signature="setUpClass()[pri:0, instance:runner.Runner_NewCarSearch_TestNG@55d56113]" name="setUpClass" is-config="true" duration-ms="369" started-at="2018-12-15T03:47:21Z" finished-at="2018-12-15T03:47:21Z">
          <reporter-output>
          </reporter-output>
        </test-method> <!-- setUpClass -->
        <test-method status="PASS" signature="setup()[pri:0, instance:runner.Runner_NewCarSearch_TestNG@55d56113]" name="setup" is-config="true" duration-ms="464" started-at="2018-12-15T03:47:21Z" finished-at="2018-12-15T03:47:22Z">
          <reporter-output>
          </reporter-output>
        </test-method> <!-- setup -->
        <test-method status="FAIL" signature="feature(cucumber.api.testng.CucumberFeatureWrapper)[pri:0, instance:runner.Runner_NewCarSearch_TestNG@55d56113]" name="feature" duration-ms="32738" started-at="2018-12-15T03:47:22Z" description="Runs Cucumber Feature" data-provider="features" finished-at="2018-12-15T03:47:54Z">
          <params>
            <param index="0">
              <value>
                <![CDATA[Validation of Car search page]]>
              </value>
            </param>
          </params>
          <exception class="cucumber.runtime.CucumberException">
            <message>
              <![CDATA[java.lang.AssertionError: expected [New Hatchback Cars in India Between Rs 1 Lakh to Rs 5 Lakh123 | CarDekho.com] but found [New Cars in India | CarDekho.com]]]>
            </message>
            <full-stacktrace>
              <![CDATA[cucumber.runtime.CucumberException: java.lang.AssertionError: expected [New Hatchback Cars in India Between Rs 1 Lakh to Rs 5 Lakh123 | CarDekho.com] but found [New Cars in India | CarDekho.com]
at cucumber.api.testng.TestNGCucumberRunner.runCucumber(TestNGCucumberRunner.java:69)
at cucumber.api.testng.AbstractTestNGCucumberTests.feature(AbstractTestNGCucumberTests.java:21)
at sun.reflect.NativeMethodAccessorImpl.invoke0(Native Method)
at sun.reflect.NativeMethodAccessorImpl.invoke(NativeMethodAccessorImpl.java:62)
at sun.reflect.DelegatingMethodAccessorImpl.invoke(DelegatingMethodAccessorImpl.java:43)
at java.lang.reflect.Method.invoke(Method.java:498)
at org.testng.internal.MethodInvocationHelper.invokeMethod(MethodInvocationHelper.java:124)
at org.testng.internal.Invoker.invokeMethod(Invoker.java:580)
at org.testng.internal.Invoker.invokeTestMethod(Invoker.java:716)
at org.testng.internal.Invoker.invokeTestMethods(Invoker.java:988)
at org.testng.internal.TestMethodWorker.invokeTestMethods(TestMethodWorker.java:125)
at org.testng.internal.TestMethodWorker.run(TestMethodWorker.java:109)
at org.testng.TestRunner.privateRun(TestRunner.java:648)
at org.testng.TestRunner.run(TestRunner.java:505)
at org.testng.SuiteRunner.runTest(SuiteRunner.java:455)
at org.testng.SuiteRunner.runSequentially(SuiteRunner.java:450)
at org.testng.SuiteRunner.privateRun(SuiteRunner.java:415)
at org.testng.SuiteRunner.run(SuiteRunner.java:364)
at org.testng.SuiteRunnerWorker.runSuite(SuiteRunnerWorker.java:52)
at org.testng.SuiteRunnerWorker.run(SuiteRunnerWorker.java:84)
at org.testng.TestNG.runSuitesSequentially(TestNG.java:1208)
at org.testng.TestNG.runSuitesLocally(TestNG.java:1137)
at org.testng.TestNG.runSuites(TestNG.java:1049)
at org.testng.TestNG.run(TestNG.java:1017)
at org.testng.remote.AbstractRemoteTestNG.run(AbstractRemoteTestNG.java:114)
at org.testng.remote.RemoteTestNG.initAndRun(RemoteTestNG.java:251)
at org.testng.remote.RemoteTestNG.main(RemoteTestNG.java:77)
Caused by: java.lang.AssertionError: expected [New Hatchback Cars in India Between Rs 1 Lakh to Rs 5 Lakh123 | CarDekho.com] but found [New Cars in India | CarDekho.com]
at org.testng.Assert.fail(Assert.java:96)
at org.testng.Assert.failNotEquals(Assert.java:776)
at org.testng.Assert.assertEqualsImpl(Assert.java:137)
at org.testng.Assert.assertEquals(Assert.java:118)
at org.testng.Assert.assertEquals(Assert.java:453)
at org.testng.Assert.assertEquals(Assert.java:463)
at steps1.CarDekho_NewCarSearch.user_verify_the_title_is(CarDekho_NewCarSearch.java:108)
at âœ½.Then user verify the title is "New Hatchback Cars in India Between Rs 1 Lakh to Rs 5 Lakh123 | CarDekho.com"(carsearch.feature:40)
]]>
            </full-stacktrace>
          </exception> <!-- cucumber.runtime.CucumberException -->
          <reporter-output>
          </reporter-output>
        </test-method> <!-- feature -->
        <test-method status="PASS" signature="tearDownClass()[pri:0, instance:runner.Runner_NewCarSearch_TestNG@55d56113]" name="tearDownClass" is-config="true" duration-ms="84" started-at="2018-12-15T03:47:54Z" finished-at="2018-12-15T03:47:55Z">
          <reporter-output>
          </reporter-output>
        </test-method> <!-- tearDownClass -->
      </class> <!-- runner.Runner_NewCarSearch_TestNG -->
    </test> <!-- Test -->
  </suite> <!-- Suite -->
</testng-results>
